2018-04-04 09:55:41.149  INFO [zipkin-server-stream,,,] 7316 --- [main] com.didispace.ZipkinApplication          : Starting ZipkinApplication on DEEP-wangning with PID 7316 (D:\git\gitrepo\SpringCloudBook\zipkin-server-stream\target\classes started by Administrator in D:\git\gitrepo\SpringCloudBook\zipkin-server-stream)
2018-04-04 09:55:41.152  INFO [zipkin-server-stream,,,] 7316 --- [main] com.didispace.ZipkinApplication          : No active profile set, falling back to default profiles: default
2018-04-04 09:55:41.197  INFO [zipkin-server-stream,,,] 7316 --- [main] ationConfigEmbeddedWebApplicationContext : Refreshing org.springframework.boot.context.embedded.AnnotationConfigEmbeddedWebApplicationContext@21507a04: startup date [Wed Apr 04 09:55:41 CST 2018]; root of context hierarchy
2018-04-04 09:55:41.925  INFO [zipkin-server-stream,,,] 7316 --- [main] o.s.b.f.config.PropertiesFactoryBean     : Loading properties file from URL [jar:file:/C:/Users/Administrator/.m2/repository/org/springframework/integration/spring-integration-core/4.2.9.RELEASE/spring-integration-core-4.2.9.RELEASE.jar!/META-INF/spring.integration.default.properties]
2018-04-04 09:55:41.928  INFO [zipkin-server-stream,,,] 7316 --- [main] o.s.i.config.IntegrationRegistrar        : No bean named 'integrationHeaderChannelRegistry' has been explicitly defined. Therefore, a default DefaultHeaderChannelRegistry will be created.
2018-04-04 09:55:42.114  INFO [zipkin-server-stream,,,] 7316 --- [main] o.s.b.f.s.DefaultListableBeanFactory     : Overriding bean definition for bean 'characterEncodingFilter' with a different definition: replacing [Root bean: class [null]; scope=; abstract=false; lazyInit=false; autowireMode=3; dependencyCheck=0; autowireCandidate=true; primary=false; factoryBeanName=org.springframework.boot.autoconfigure.web.HttpEncodingAutoConfiguration; factoryMethodName=characterEncodingFilter; initMethodName=null; destroyMethodName=(inferred); defined in class path resource [org/springframework/boot/autoconfigure/web/HttpEncodingAutoConfiguration.class]] with [Root bean: class [null]; scope=; abstract=false; lazyInit=false; autowireMode=3; dependencyCheck=0; autowireCandidate=true; primary=false; factoryBeanName=zipkin.autoconfigure.ui.ZipkinUiAutoConfiguration; factoryMethodName=characterEncodingFilter; initMethodName=null; destroyMethodName=(inferred); defined in class path resource [zipkin/autoconfigure/ui/ZipkinUiAutoConfiguration.class]]
2018-04-04 09:55:42.412  INFO [zipkin-server-stream,,,] 7316 --- [main] faultConfiguringBeanFactoryPostProcessor : No bean named 'errorChannel' has been explicitly defined. Therefore, a default PublishSubscribeChannel will be created.
2018-04-04 09:55:42.414  INFO [zipkin-server-stream,,,] 7316 --- [main] faultConfiguringBeanFactoryPostProcessor : No bean named 'taskScheduler' has been explicitly defined. Therefore, a default ThreadPoolTaskScheduler will be created.
2018-04-04 09:55:42.437  INFO [zipkin-server-stream,,,] 7316 --- [main] trationDelegate$BeanPostProcessorChecker : Bean 'org.springframework.amqp.rabbit.annotation.RabbitBootstrapConfiguration' of type [class org.springframework.amqp.rabbit.annotation.RabbitBootstrapConfiguration$$EnhancerBySpringCGLIB$$43d9cdc9] is not eligible for getting processed by all BeanPostProcessors (for example: not eligible for auto-proxying)
2018-04-04 09:55:42.497  INFO [zipkin-server-stream,,,] 7316 --- [main] trationDelegate$BeanPostProcessorChecker : Bean 'org.springframework.cloud.sleuth.instrument.async.AsyncDefaultAutoConfiguration$DefaultAsyncConfigurerSupport' of type [class org.springframework.cloud.sleuth.instrument.async.AsyncDefaultAutoConfiguration$DefaultAsyncConfigurerSupport$$EnhancerBySpringCGLIB$$baafad5e] is not eligible for getting processed by all BeanPostProcessors (for example: not eligible for auto-proxying)
2018-04-04 09:55:42.557  INFO [zipkin-server-stream,,,] 7316 --- [main] trationDelegate$BeanPostProcessorChecker : Bean 'org.springframework.cloud.stream.config.ChannelBindingServiceConfiguration$PostProcessorConfiguration' of type [class org.springframework.cloud.stream.config.ChannelBindingServiceConfiguration$PostProcessorConfiguration$$EnhancerBySpringCGLIB$$7538a827] is not eligible for getting processed by all BeanPostProcessors (for example: not eligible for auto-proxying)
2018-04-04 09:55:43.407  INFO [zipkin-server-stream,,,] 7316 --- [main] s.b.c.e.t.TomcatEmbeddedServletContainer : Tomcat initialized with port(s): 9411 (http)
2018-04-04 09:55:43.417  INFO [zipkin-server-stream,,,] 7316 --- [main] o.apache.catalina.core.StandardService   : Starting service Tomcat
2018-04-04 09:55:43.419  INFO [zipkin-server-stream,,,] 7316 --- [main] org.apache.catalina.core.StandardEngine  : Starting Servlet Engine: Apache Tomcat/8.0.36
2018-04-04 09:55:43.624  INFO [zipkin-server-stream,,,] 7316 --- [localhost-startStop-1] o.a.c.c.C.[Tomcat].[localhost].[/]       : Initializing Spring embedded WebApplicationContext
2018-04-04 09:55:43.625  INFO [zipkin-server-stream,,,] 7316 --- [localhost-startStop-1] o.s.web.context.ContextLoader            : Root WebApplicationContext: initialization completed in 2430 ms
2018-04-04 09:55:44.711  INFO [zipkin-server-stream,,,] 7316 --- [localhost-startStop-1] o.s.b.c.embedded.FilterRegistrationBean  : Mapping filter: 'metricFilter' to: [/*]
2018-04-04 09:55:44.711  INFO [zipkin-server-stream,,,] 7316 --- [localhost-startStop-1] o.s.b.c.embedded.FilterRegistrationBean  : Mapping filter: 'traceFilter' to: [/*]
2018-04-04 09:55:44.712  INFO [zipkin-server-stream,,,] 7316 --- [localhost-startStop-1] o.s.b.c.embedded.FilterRegistrationBean  : Mapping filter: 'hiddenHttpMethodFilter' to: [/*]
2018-04-04 09:55:44.712  INFO [zipkin-server-stream,,,] 7316 --- [localhost-startStop-1] o.s.b.c.embedded.FilterRegistrationBean  : Mapping filter: 'httpPutFormContentFilter' to: [/*]
2018-04-04 09:55:44.712  INFO [zipkin-server-stream,,,] 7316 --- [localhost-startStop-1] o.s.b.c.embedded.FilterRegistrationBean  : Mapping filter: 'requestContextFilter' to: [/*]
2018-04-04 09:55:44.712  INFO [zipkin-server-stream,,,] 7316 --- [localhost-startStop-1] o.s.b.c.embedded.FilterRegistrationBean  : Mapping filter: 'webRequestLoggingFilter' to: [/*]
2018-04-04 09:55:44.712  INFO [zipkin-server-stream,,,] 7316 --- [localhost-startStop-1] o.s.b.c.embedded.FilterRegistrationBean  : Mapping filter: 'applicationContextIdFilter' to: [/*]
2018-04-04 09:55:44.712  INFO [zipkin-server-stream,,,] 7316 --- [localhost-startStop-1] o.s.b.c.embedded.FilterRegistrationBean  : Mapping filter: 'characterEncodingFilter' to: [/*]
2018-04-04 09:55:44.712  INFO [zipkin-server-stream,,,] 7316 --- [localhost-startStop-1] o.s.b.c.e.ServletRegistrationBean        : Mapping servlet: 'dispatcherServlet' to [/]
2018-04-04 09:55:45.076  INFO [zipkin-server-stream,,,] 7316 --- [main] o.s.b.f.config.PropertiesFactoryBean     : Loading properties file from URL [jar:file:/C:/Users/Administrator/.m2/repository/org/springframework/integration/spring-integration-core/4.2.9.RELEASE/spring-integration-core-4.2.9.RELEASE.jar!/META-INF/spring.integration.default.properties]
2018-04-04 09:55:45.235  INFO [zipkin-server-stream,,,] 7316 --- [main] o.s.s.c.ThreadPoolTaskScheduler          : Initializing ExecutorService  'taskScheduler'
2018-04-04 09:55:45.403  INFO [zipkin-server-stream,,,] 7316 --- [main] s.w.s.m.m.a.RequestMappingHandlerAdapter : Looking for @ControllerAdvice: org.springframework.boot.context.embedded.AnnotationConfigEmbeddedWebApplicationContext@21507a04: startup date [Wed Apr 04 09:55:41 CST 2018]; root of context hierarchy
2018-04-04 09:55:46.191  INFO [zipkin-server-stream,,,] 7316 --- [main] s.w.s.m.m.a.RequestMappingHandlerMapping : Mapped "{[/api/v1/dependencies],methods=[GET],produces=[application/json]}" onto public byte[] zipkin.server.ZipkinQueryApiV1.getDependencies(long,java.lang.Long)
2018-04-04 09:55:46.191  INFO [zipkin-server-stream,,,] 7316 --- [main] s.w.s.m.m.a.RequestMappingHandlerMapping : Mapped "{[/api/v1/services],methods=[GET]}" onto public org.springframework.http.ResponseEntity<java.util.List<java.lang.String>> zipkin.server.ZipkinQueryApiV1.getServiceNames()
2018-04-04 09:55:46.192  INFO [zipkin-server-stream,,,] 7316 --- [main] s.w.s.m.m.a.RequestMappingHandlerMapping : Mapped "{[/api/v1/spans],methods=[GET]}" onto public org.springframework.http.ResponseEntity<java.util.List<java.lang.String>> zipkin.server.ZipkinQueryApiV1.getSpanNames(java.lang.String)
2018-04-04 09:55:46.192  INFO [zipkin-server-stream,,,] 7316 --- [main] s.w.s.m.m.a.RequestMappingHandlerMapping : Mapped "{[/api/v1/traces],methods=[GET],produces=[application/json]}" onto public byte[] zipkin.server.ZipkinQueryApiV1.getTraces(java.lang.String,java.lang.String,java.lang.String,java.lang.Long,java.lang.Long,java.lang.Long,java.lang.Long,java.lang.Integer)
2018-04-04 09:55:46.192  INFO [zipkin-server-stream,,,] 7316 --- [main] s.w.s.m.m.a.RequestMappingHandlerMapping : Mapped "{[/api/v1/trace/{traceId}],methods=[GET],produces=[application/json]}" onto public byte[] zipkin.server.ZipkinQueryApiV1.getTrace(java.lang.String,org.springframework.web.context.request.WebRequest)
2018-04-04 09:55:46.193  INFO [zipkin-server-stream,,,] 7316 --- [main] s.w.s.m.m.a.RequestMappingHandlerMapping : Mapped "{[/api/v1/spans],methods=[POST],consumes=[application/x-thrift]}" onto public org.springframework.web.context.request.async.DeferredResult<org.springframework.http.ResponseEntity<?>> zipkin.server.ZipkinHttpCollector.uploadSpansThrift(java.lang.String,byte[])
2018-04-04 09:55:46.193  INFO [zipkin-server-stream,,,] 7316 --- [main] s.w.s.m.m.a.RequestMappingHandlerMapping : Mapped "{[/api/v1/spans],methods=[POST]}" onto public org.springframework.web.context.request.async.DeferredResult<org.springframework.http.ResponseEntity<?>> zipkin.server.ZipkinHttpCollector.uploadSpansJson(java.lang.String,byte[])
2018-04-04 09:55:46.196  INFO [zipkin-server-stream,,,] 7316 --- [main] s.w.s.m.m.a.RequestMappingHandlerMapping : Mapped "{[/error]}" onto public org.springframework.http.ResponseEntity<java.util.Map<java.lang.String, java.lang.Object>> org.springframework.boot.autoconfigure.web.BasicErrorController.error(javax.servlet.http.HttpServletRequest)
2018-04-04 09:55:46.196  INFO [zipkin-server-stream,,,] 7316 --- [main] s.w.s.m.m.a.RequestMappingHandlerMapping : Mapped "{[/error],produces=[text/html]}" onto public org.springframework.web.servlet.ModelAndView org.springframework.boot.autoconfigure.web.BasicErrorController.errorHtml(javax.servlet.http.HttpServletRequest,javax.servlet.http.HttpServletResponse)
2018-04-04 09:55:46.199  INFO [zipkin-server-stream,,,] 7316 --- [main] s.w.s.m.m.a.RequestMappingHandlerMapping : Mapped "{[/ || /traces/{id} || /dependency],methods=[GET]}" onto public org.springframework.web.servlet.ModelAndView zipkin.autoconfigure.ui.ZipkinUiAutoConfiguration.forwardUiEndpoints(org.springframework.ui.ModelMap)
2018-04-04 09:55:46.199  INFO [zipkin-server-stream,,,] 7316 --- [main] s.w.s.m.m.a.RequestMappingHandlerMapping : Mapped "{[/config.json],methods=[GET],produces=[application/json]}" onto public org.springframework.http.ResponseEntity<zipkin.autoconfigure.ui.ZipkinUiProperties> zipkin.autoconfigure.ui.ZipkinUiAutoConfiguration.serveUiConfig()
2018-04-04 09:55:46.199  INFO [zipkin-server-stream,,,] 7316 --- [main] s.w.s.m.m.a.RequestMappingHandlerMapping : Mapped "{[/index.html],methods=[GET]}" onto public org.springframework.http.ResponseEntity<org.springframework.core.io.Resource> zipkin.autoconfigure.ui.ZipkinUiAutoConfiguration.serveIndex()
2018-04-04 09:55:46.261  INFO [zipkin-server-stream,,,] 7316 --- [main] o.s.w.s.handler.SimpleUrlHandlerMapping  : Mapped URL path [/webjars/**] onto handler of type [class org.springframework.web.servlet.resource.ResourceHttpRequestHandler]
2018-04-04 09:55:46.262  INFO [zipkin-server-stream,,,] 7316 --- [main] o.s.w.s.handler.SimpleUrlHandlerMapping  : Mapped URL path [/**] onto handler of type [class org.springframework.web.servlet.resource.ResourceHttpRequestHandler]
2018-04-04 09:55:46.316  INFO [zipkin-server-stream,,,] 7316 --- [main] o.s.w.s.handler.SimpleUrlHandlerMapping  : Mapped URL path [/**/favicon.ico] onto handler of type [class org.springframework.web.servlet.resource.ResourceHttpRequestHandler]
2018-04-04 09:55:47.159  INFO [zipkin-server-stream,,,] 7316 --- [main] o.s.b.a.e.mvc.EndpointHandlerMapping     : Mapped "{[/mappings || /mappings.json],methods=[GET],produces=[application/json]}" onto public java.lang.Object org.springframework.boot.actuate.endpoint.mvc.EndpointMvcAdapter.invoke()
2018-04-04 09:55:47.160  INFO [zipkin-server-stream,,,] 7316 --- [main] o.s.b.a.e.mvc.EndpointHandlerMapping     : Mapped "{[/beans || /beans.json],methods=[GET],produces=[application/json]}" onto public java.lang.Object org.springframework.boot.actuate.endpoint.mvc.EndpointMvcAdapter.invoke()
2018-04-04 09:55:47.160  INFO [zipkin-server-stream,,,] 7316 --- [main] o.s.b.a.e.mvc.EndpointHandlerMapping     : Mapped "{[/autoconfig || /autoconfig.json],methods=[GET],produces=[application/json]}" onto public java.lang.Object org.springframework.boot.actuate.endpoint.mvc.EndpointMvcAdapter.invoke()
2018-04-04 09:55:47.161  INFO [zipkin-server-stream,,,] 7316 --- [main] o.s.b.a.e.mvc.EndpointHandlerMapping     : Mapped "{[/metrics/{name:.*}],methods=[GET],produces=[application/json]}" onto public java.lang.Object org.springframework.boot.actuate.endpoint.mvc.MetricsMvcEndpoint.value(java.lang.String)
2018-04-04 09:55:47.161  INFO [zipkin-server-stream,,,] 7316 --- [main] o.s.b.a.e.mvc.EndpointHandlerMapping     : Mapped "{[/metrics || /metrics.json],methods=[GET],produces=[application/json]}" onto public java.lang.Object org.springframework.boot.actuate.endpoint.mvc.EndpointMvcAdapter.invoke()
2018-04-04 09:55:47.162  INFO [zipkin-server-stream,,,] 7316 --- [main] o.s.b.a.e.mvc.EndpointHandlerMapping     : Mapped "{[/channels || /channels.json],methods=[GET],produces=[application/json]}" onto public java.lang.Object org.springframework.boot.actuate.endpoint.mvc.EndpointMvcAdapter.invoke()
2018-04-04 09:55:47.162  INFO [zipkin-server-stream,,,] 7316 --- [main] o.s.b.a.e.mvc.EndpointHandlerMapping     : Mapped "{[/trace || /trace.json],methods=[GET],produces=[application/json]}" onto public java.lang.Object org.springframework.boot.actuate.endpoint.mvc.EndpointMvcAdapter.invoke()
2018-04-04 09:55:47.163  INFO [zipkin-server-stream,,,] 7316 --- [main] o.s.b.a.e.mvc.EndpointHandlerMapping     : Mapped "{[/health || /health.json],produces=[application/json]}" onto public java.lang.Object org.springframework.boot.actuate.endpoint.mvc.HealthMvcEndpoint.invoke(java.security.Principal)
2018-04-04 09:55:47.165  INFO [zipkin-server-stream,,,] 7316 --- [main] o.s.b.a.e.mvc.EndpointHandlerMapping     : Mapped "{[/env/{name:.*}],methods=[GET],produces=[application/json]}" onto public java.lang.Object org.springframework.boot.actuate.endpoint.mvc.EnvironmentMvcEndpoint.value(java.lang.String)
2018-04-04 09:55:47.165  INFO [zipkin-server-stream,,,] 7316 --- [main] o.s.b.a.e.mvc.EndpointHandlerMapping     : Mapped "{[/env || /env.json],methods=[GET],produces=[application/json]}" onto public java.lang.Object org.springframework.boot.actuate.endpoint.mvc.EndpointMvcAdapter.invoke()
2018-04-04 09:55:47.165  INFO [zipkin-server-stream,,,] 7316 --- [main] o.s.b.a.e.mvc.EndpointHandlerMapping     : Mapped "{[/dump || /dump.json],methods=[GET],produces=[application/json]}" onto public java.lang.Object org.springframework.boot.actuate.endpoint.mvc.EndpointMvcAdapter.invoke()
2018-04-04 09:55:47.165  INFO [zipkin-server-stream,,,] 7316 --- [main] o.s.b.a.e.mvc.EndpointHandlerMapping     : Mapped "{[/logfile || /logfile.json],methods=[GET || HEAD]}" onto public void org.springframework.boot.actuate.endpoint.mvc.LogFileMvcEndpoint.invoke(javax.servlet.http.HttpServletRequest,javax.servlet.http.HttpServletResponse) throws javax.servlet.ServletException,java.io.IOException
2018-04-04 09:55:47.166  INFO [zipkin-server-stream,,,] 7316 --- [main] o.s.b.a.e.mvc.EndpointHandlerMapping     : Mapped "{[/info || /info.json],methods=[GET],produces=[application/json]}" onto public java.lang.Object org.springframework.boot.actuate.endpoint.mvc.EndpointMvcAdapter.invoke()
2018-04-04 09:55:47.166  INFO [zipkin-server-stream,,,] 7316 --- [main] o.s.b.a.e.mvc.EndpointHandlerMapping     : Mapped "{[/configprops || /configprops.json],methods=[GET],produces=[application/json]}" onto public java.lang.Object org.springframework.boot.actuate.endpoint.mvc.EndpointMvcAdapter.invoke()
2018-04-04 09:55:47.313  INFO [zipkin-server-stream,,,] 7316 --- [main] o.s.s.c.ThreadPoolTaskScheduler          : Initializing ExecutorService 
2018-04-04 09:55:47.435  INFO [zipkin-server-stream,,,] 7316 --- [main] o.s.i.codec.kryo.CompositeKryoRegistrar  : configured Kryo registration [40, java.io.File] with serializer org.springframework.integration.codec.kryo.FileSerializer
2018-04-04 09:55:47.570  INFO [zipkin-server-stream,,,] 7316 --- [main] o.s.j.e.a.AnnotationMBeanExporter        : Registering beans for JMX exposure on startup
2018-04-04 09:55:47.578  INFO [zipkin-server-stream,,,] 7316 --- [main] o.s.j.e.a.AnnotationMBeanExporter        : Bean with name 'integrationMbeanExporter' has been autodetected for JMX exposure
2018-04-04 09:55:47.582  INFO [zipkin-server-stream,,,] 7316 --- [main] o.s.j.e.a.AnnotationMBeanExporter        : Located managed bean 'integrationMbeanExporter': registering with JMX server as MBean [org.springframework.integration.monitor:name=integrationMbeanExporter,type=IntegrationMBeanExporter]
2018-04-04 09:55:47.608  INFO [zipkin-server-stream,,,] 7316 --- [main] o.s.i.monitor.IntegrationMBeanExporter   : Registering beans for JMX exposure on startup
2018-04-04 09:55:47.608  INFO [zipkin-server-stream,,,] 7316 --- [main] o.s.i.monitor.IntegrationMBeanExporter   : Registering MessageChannel errorChannel
2018-04-04 09:55:47.611  INFO [zipkin-server-stream,,,] 7316 --- [main] o.s.i.monitor.IntegrationMBeanExporter   : Located managed bean 'org.springframework.integration:type=MessageChannel,name=errorChannel': registering with JMX server as MBean [org.springframework.integration:type=MessageChannel,name=errorChannel]
2018-04-04 09:55:47.631  INFO [zipkin-server-stream,,,] 7316 --- [main] o.s.i.monitor.IntegrationMBeanExporter   : Registering MessageChannel nullChannel
2018-04-04 09:55:47.632  INFO [zipkin-server-stream,,,] 7316 --- [main] o.s.i.monitor.IntegrationMBeanExporter   : Located managed bean 'org.springframework.integration:type=MessageChannel,name=nullChannel': registering with JMX server as MBean [org.springframework.integration:type=MessageChannel,name=nullChannel]
2018-04-04 09:55:47.639  INFO [zipkin-server-stream,,,] 7316 --- [main] o.s.i.monitor.IntegrationMBeanExporter   : Registering MessageChannel sleuth
2018-04-04 09:55:47.641  INFO [zipkin-server-stream,,,] 7316 --- [main] o.s.i.monitor.IntegrationMBeanExporter   : Located managed bean 'org.springframework.integration:type=MessageChannel,name=sleuth': registering with JMX server as MBean [org.springframework.integration:type=MessageChannel,name=sleuth]
2018-04-04 09:55:47.652  INFO [zipkin-server-stream,,,] 7316 --- [main] o.s.i.monitor.IntegrationMBeanExporter   : Located managed bean 'org.springframework.integration:type=MessageHandler,name=errorLogger,bean=internal': registering with JMX server as MBean [org.springframework.integration:type=MessageHandler,name=errorLogger,bean=internal]
2018-04-04 09:55:47.663  INFO [zipkin-server-stream,,,] 7316 --- [main] o.s.i.monitor.IntegrationMBeanExporter   : Located managed bean 'org.springframework.integration:type=MessageHandler,name=org.springframework.cloud.sleuth.zipkin.stream.ZipkinMessageListener.sink.serviceActivator,bean=endpoint': registering with JMX server as MBean [org.springframework.integration:type=MessageHandler,name=org.springframework.cloud.sleuth.zipkin.stream.ZipkinMessageListener.sink.serviceActivator,bean=endpoint]
2018-04-04 09:55:47.677  INFO [zipkin-server-stream,,,] 7316 --- [main] o.s.c.support.DefaultLifecycleProcessor  : Starting beans in phase -2147483648
2018-04-04 09:55:47.677  INFO [zipkin-server-stream,,,] 7316 --- [main] o.s.i.endpoint.EventDrivenConsumer       : Adding {service-activator:org.springframework.cloud.sleuth.zipkin.stream.ZipkinMessageListener.sink.serviceActivator} as a subscriber to the 'sleuth' channel
2018-04-04 09:55:47.677  INFO [zipkin-server-stream,,,] 7316 --- [main] o.s.integration.channel.DirectChannel    : Channel 'zipkin-server-stream:9411.sleuth' has 1 subscriber(s).
2018-04-04 09:55:47.677  INFO [zipkin-server-stream,,,] 7316 --- [main] o.s.i.endpoint.EventDrivenConsumer       : started org.springframework.cloud.sleuth.zipkin.stream.ZipkinMessageListener.sink.serviceActivator
2018-04-04 09:55:47.677  INFO [zipkin-server-stream,,,] 7316 --- [main] o.s.c.support.DefaultLifecycleProcessor  : Starting beans in phase -2147482648
2018-04-04 09:55:47.679  INFO [zipkin-server-stream,,,] 7316 --- [main] o.s.c.support.DefaultLifecycleProcessor  : Starting beans in phase -2147483648
2018-04-04 09:55:47.679  INFO [zipkin-server-stream,,,] 7316 --- [main] o.s.c.support.DefaultLifecycleProcessor  : Starting beans in phase -2147482648
2018-04-04 09:55:47.679  INFO [zipkin-server-stream,,,] 7316 --- [main] o.s.c.support.DefaultLifecycleProcessor  : Starting beans in phase 0
2018-04-04 09:55:47.703  INFO [zipkin-server-stream,,,] 7316 --- [main] o.s.i.endpoint.EventDrivenConsumer       : Adding {logging-channel-adapter:_org.springframework.integration.errorLogger} as a subscriber to the 'errorChannel' channel
2018-04-04 09:55:47.704  INFO [zipkin-server-stream,,,] 7316 --- [main] o.s.i.channel.PublishSubscribeChannel    : Channel 'zipkin-server-stream:9411.errorChannel' has 1 subscriber(s).
2018-04-04 09:55:47.704  INFO [zipkin-server-stream,,,] 7316 --- [main] o.s.i.endpoint.EventDrivenConsumer       : started _org.springframework.integration.errorLogger
2018-04-04 09:55:47.704  INFO [zipkin-server-stream,,,] 7316 --- [main] o.s.c.support.DefaultLifecycleProcessor  : Starting beans in phase 2147482647
2018-04-04 09:55:47.750  INFO [zipkin-server-stream,,,] 7316 --- [main] com.didispace.ZipkinApplication          : No active profile set, falling back to default profiles: default
2018-04-04 09:55:47.752  INFO [zipkin-server-stream,,,] 7316 --- [main] s.c.a.AnnotationConfigApplicationContext : Refreshing org.springframework.context.annotation.AnnotationConfigApplicationContext@1530d0f2: startup date [Wed Apr 04 09:55:47 CST 2018]; parent: org.springframework.boot.context.embedded.AnnotationConfigEmbeddedWebApplicationContext@21507a04
2018-04-04 09:55:47.813  INFO [zipkin-server-stream,,,] 7316 --- [main] o.s.c.support.GenericApplicationContext  : Refreshing org.springframework.context.support.GenericApplicationContext@3de88f64: startup date [Wed Apr 04 09:55:47 CST 2018]; root of context hierarchy
2018-04-04 09:55:47.834  INFO [zipkin-server-stream,,,] 7316 --- [main] com.didispace.ZipkinApplication          : Started ZipkinApplication in 0.117 seconds (JVM running for 7.237)
2018-04-04 09:55:47.846  INFO [zipkin-server-stream,,,] 7316 --- [main] o.s.c.s.b.r.RabbitMessageChannelBinder   : declaring queue for inbound: sleuth.sleuth, bound to: sleuth
2018-04-04 09:55:50.891  INFO [zipkin-server-stream,,,] 7316 --- [main] o.s.integration.channel.DirectChannel    : Channel 'sleuth.sleuth.bridge' has 1 subscriber(s).
2018-04-04 09:55:51.895  INFO [zipkin-server-stream,,,] 7316 --- [main] o.s.i.a.i.AmqpInboundChannelAdapter      : started inbound.sleuth.sleuth
2018-04-04 09:55:51.895  INFO [zipkin-server-stream,,,] 7316 --- [main] o.s.c.support.DefaultLifecycleProcessor  : Starting beans in phase 2147483647
2018-04-04 09:55:51.896  INFO [zipkin-server-stream,,,] 7316 --- [main] o.s.c.support.DefaultLifecycleProcessor  : Starting beans in phase 0
2018-04-04 09:55:51.896  INFO [zipkin-server-stream,,,] 7316 --- [main] o.s.c.support.DefaultLifecycleProcessor  : Starting beans in phase 2147482647
2018-04-04 09:55:51.896  INFO [zipkin-server-stream,,,] 7316 --- [main] o.s.c.support.DefaultLifecycleProcessor  : Starting beans in phase 2147483647
2018-04-04 09:55:51.927 ERROR [zipkin-server-stream,,,] 7316 --- [main] o.a.coyote.http11.Http11NioProtocol      : Failed to start end point associated with ProtocolHandler ["http-nio-9411"]

java.net.BindException: Address already in use: bind
	at sun.nio.ch.Net.bind0(Native Method) ~[na:1.8.0]
	at sun.nio.ch.Net.bind(Net.java:414) ~[na:1.8.0]
	at sun.nio.ch.Net.bind(Net.java:406) ~[na:1.8.0]
	at sun.nio.ch.ServerSocketChannelImpl.bind(ServerSocketChannelImpl.java:214) ~[na:1.8.0]
	at sun.nio.ch.ServerSocketAdaptor.bind(ServerSocketAdaptor.java:74) ~[na:1.8.0]
	at org.apache.tomcat.util.net.NioEndpoint.bind(NioEndpoint.java:351) ~[tomcat-embed-core-8.0.36.jar:8.0.36]
	at org.apache.tomcat.util.net.AbstractEndpoint.start(AbstractEndpoint.java:763) ~[tomcat-embed-core-8.0.36.jar:8.0.36]
	at org.apache.coyote.AbstractProtocol.start(AbstractProtocol.java:474) ~[tomcat-embed-core-8.0.36.jar:8.0.36]
	at org.apache.catalina.connector.Connector.startInternal(Connector.java:986) [tomcat-embed-core-8.0.36.jar:8.0.36]
	at org.apache.catalina.util.LifecycleBase.start(LifecycleBase.java:147) [tomcat-embed-core-8.0.36.jar:8.0.36]
	at org.apache.catalina.core.StandardService.addConnector(StandardService.java:239) [tomcat-embed-core-8.0.36.jar:8.0.36]
	at org.springframework.boot.context.embedded.tomcat.TomcatEmbeddedServletContainer.addPreviouslyRemovedConnectors(TomcatEmbeddedServletContainer.java:194) [spring-boot-1.3.7.RELEASE.jar:1.3.7.RELEASE]
	at org.springframework.boot.context.embedded.tomcat.TomcatEmbeddedServletContainer.start(TomcatEmbeddedServletContainer.java:151) [spring-boot-1.3.7.RELEASE.jar:1.3.7.RELEASE]
	at org.springframework.boot.context.embedded.EmbeddedWebApplicationContext.startEmbeddedServletContainer(EmbeddedWebApplicationContext.java:293) [spring-boot-1.3.7.RELEASE.jar:1.3.7.RELEASE]
	at org.springframework.boot.context.embedded.EmbeddedWebApplicationContext.finishRefresh(EmbeddedWebApplicationContext.java:141) [spring-boot-1.3.7.RELEASE.jar:1.3.7.RELEASE]
	at org.springframework.context.support.AbstractApplicationContext.refresh(AbstractApplicationContext.java:541) [spring-context-4.2.7.RELEASE.jar:4.2.7.RELEASE]
	at org.springframework.boot.context.embedded.EmbeddedWebApplicationContext.refresh(EmbeddedWebApplicationContext.java:118) [spring-boot-1.3.7.RELEASE.jar:1.3.7.RELEASE]
	at org.springframework.boot.SpringApplication.refresh(SpringApplication.java:760) [spring-boot-1.3.7.RELEASE.jar:1.3.7.RELEASE]
	at org.springframework.boot.SpringApplication.createAndRefreshContext(SpringApplication.java:360) [spring-boot-1.3.7.RELEASE.jar:1.3.7.RELEASE]
	at org.springframework.boot.SpringApplication.run(SpringApplication.java:306) [spring-boot-1.3.7.RELEASE.jar:1.3.7.RELEASE]
	at org.springframework.boot.SpringApplication.run(SpringApplication.java:1185) [spring-boot-1.3.7.RELEASE.jar:1.3.7.RELEASE]
	at org.springframework.boot.SpringApplication.run(SpringApplication.java:1174) [spring-boot-1.3.7.RELEASE.jar:1.3.7.RELEASE]
	at com.didispace.ZipkinApplication.main(ZipkinApplication.java:15) [classes/:na]

2018-04-04 09:55:51.928 ERROR [zipkin-server-stream,,,] 7316 --- [main] o.apache.catalina.core.StandardService   : Failed to start connector [Connector[HTTP/1.1-9411]]

org.apache.catalina.LifecycleException: Failed to start component [Connector[HTTP/1.1-9411]]
	at org.apache.catalina.util.LifecycleBase.start(LifecycleBase.java:153) ~[tomcat-embed-core-8.0.36.jar:8.0.36]
	at org.apache.catalina.core.StandardService.addConnector(StandardService.java:239) ~[tomcat-embed-core-8.0.36.jar:8.0.36]
	at org.springframework.boot.context.embedded.tomcat.TomcatEmbeddedServletContainer.addPreviouslyRemovedConnectors(TomcatEmbeddedServletContainer.java:194) [spring-boot-1.3.7.RELEASE.jar:1.3.7.RELEASE]
	at org.springframework.boot.context.embedded.tomcat.TomcatEmbeddedServletContainer.start(TomcatEmbeddedServletContainer.java:151) [spring-boot-1.3.7.RELEASE.jar:1.3.7.RELEASE]
	at org.springframework.boot.context.embedded.EmbeddedWebApplicationContext.startEmbeddedServletContainer(EmbeddedWebApplicationContext.java:293) [spring-boot-1.3.7.RELEASE.jar:1.3.7.RELEASE]
	at org.springframework.boot.context.embedded.EmbeddedWebApplicationContext.finishRefresh(EmbeddedWebApplicationContext.java:141) [spring-boot-1.3.7.RELEASE.jar:1.3.7.RELEASE]
	at org.springframework.context.support.AbstractApplicationContext.refresh(AbstractApplicationContext.java:541) [spring-context-4.2.7.RELEASE.jar:4.2.7.RELEASE]
	at org.springframework.boot.context.embedded.EmbeddedWebApplicationContext.refresh(EmbeddedWebApplicationContext.java:118) [spring-boot-1.3.7.RELEASE.jar:1.3.7.RELEASE]
	at org.springframework.boot.SpringApplication.refresh(SpringApplication.java:760) [spring-boot-1.3.7.RELEASE.jar:1.3.7.RELEASE]
	at org.springframework.boot.SpringApplication.createAndRefreshContext(SpringApplication.java:360) [spring-boot-1.3.7.RELEASE.jar:1.3.7.RELEASE]
	at org.springframework.boot.SpringApplication.run(SpringApplication.java:306) [spring-boot-1.3.7.RELEASE.jar:1.3.7.RELEASE]
	at org.springframework.boot.SpringApplication.run(SpringApplication.java:1185) [spring-boot-1.3.7.RELEASE.jar:1.3.7.RELEASE]
	at org.springframework.boot.SpringApplication.run(SpringApplication.java:1174) [spring-boot-1.3.7.RELEASE.jar:1.3.7.RELEASE]
	at com.didispace.ZipkinApplication.main(ZipkinApplication.java:15) [classes/:na]
Caused by: org.apache.catalina.LifecycleException: service.getName(): "Tomcat";  Protocol handler start failed
	at org.apache.catalina.connector.Connector.startInternal(Connector.java:993) ~[tomcat-embed-core-8.0.36.jar:8.0.36]
	at org.apache.catalina.util.LifecycleBase.start(LifecycleBase.java:147) ~[tomcat-embed-core-8.0.36.jar:8.0.36]
	... 13 common frames omitted
Caused by: java.net.BindException: Address already in use: bind
	at sun.nio.ch.Net.bind0(Native Method) ~[na:1.8.0]
	at sun.nio.ch.Net.bind(Net.java:414) ~[na:1.8.0]
	at sun.nio.ch.Net.bind(Net.java:406) ~[na:1.8.0]
	at sun.nio.ch.ServerSocketChannelImpl.bind(ServerSocketChannelImpl.java:214) ~[na:1.8.0]
	at sun.nio.ch.ServerSocketAdaptor.bind(ServerSocketAdaptor.java:74) ~[na:1.8.0]
	at org.apache.tomcat.util.net.NioEndpoint.bind(NioEndpoint.java:351) ~[tomcat-embed-core-8.0.36.jar:8.0.36]
	at org.apache.tomcat.util.net.AbstractEndpoint.start(AbstractEndpoint.java:763) ~[tomcat-embed-core-8.0.36.jar:8.0.36]
	at org.apache.coyote.AbstractProtocol.start(AbstractProtocol.java:474) ~[tomcat-embed-core-8.0.36.jar:8.0.36]
	at org.apache.catalina.connector.Connector.startInternal(Connector.java:986) ~[tomcat-embed-core-8.0.36.jar:8.0.36]
	... 14 common frames omitted

2018-04-04 09:55:51.934  INFO [zipkin-server-stream,,,] 7316 --- [main] o.apache.catalina.core.StandardService   : Stopping service Tomcat
2018-04-04 09:55:51.942 ERROR [zipkin-server-stream,,,] 7316 --- [main] o.s.boot.SpringApplication               : Application startup failed

org.springframework.boot.context.embedded.EmbeddedServletContainerException: Unable to start embedded Tomcat servlet container
	at org.springframework.boot.context.embedded.tomcat.TomcatEmbeddedServletContainer.start(TomcatEmbeddedServletContainer.java:165) ~[spring-boot-1.3.7.RELEASE.jar:1.3.7.RELEASE]
	at org.springframework.boot.context.embedded.EmbeddedWebApplicationContext.startEmbeddedServletContainer(EmbeddedWebApplicationContext.java:293) ~[spring-boot-1.3.7.RELEASE.jar:1.3.7.RELEASE]
	at org.springframework.boot.context.embedded.EmbeddedWebApplicationContext.finishRefresh(EmbeddedWebApplicationContext.java:141) ~[spring-boot-1.3.7.RELEASE.jar:1.3.7.RELEASE]
	at org.springframework.context.support.AbstractApplicationContext.refresh(AbstractApplicationContext.java:541) ~[spring-context-4.2.7.RELEASE.jar:4.2.7.RELEASE]
	at org.springframework.boot.context.embedded.EmbeddedWebApplicationContext.refresh(EmbeddedWebApplicationContext.java:118) ~[spring-boot-1.3.7.RELEASE.jar:1.3.7.RELEASE]
	at org.springframework.boot.SpringApplication.refresh(SpringApplication.java:760) [spring-boot-1.3.7.RELEASE.jar:1.3.7.RELEASE]
	at org.springframework.boot.SpringApplication.createAndRefreshContext(SpringApplication.java:360) [spring-boot-1.3.7.RELEASE.jar:1.3.7.RELEASE]
	at org.springframework.boot.SpringApplication.run(SpringApplication.java:306) [spring-boot-1.3.7.RELEASE.jar:1.3.7.RELEASE]
	at org.springframework.boot.SpringApplication.run(SpringApplication.java:1185) [spring-boot-1.3.7.RELEASE.jar:1.3.7.RELEASE]
	at org.springframework.boot.SpringApplication.run(SpringApplication.java:1174) [spring-boot-1.3.7.RELEASE.jar:1.3.7.RELEASE]
	at com.didispace.ZipkinApplication.main(ZipkinApplication.java:15) [classes/:na]
Caused by: java.lang.IllegalStateException: Tomcat connector in failed state
	at org.springframework.boot.context.embedded.tomcat.TomcatEmbeddedServletContainer.start(TomcatEmbeddedServletContainer.java:159) ~[spring-boot-1.3.7.RELEASE.jar:1.3.7.RELEASE]
	... 10 common frames omitted

2018-04-04 09:55:51.943  INFO [zipkin-server-stream,,,] 7316 --- [main] .b.l.ClasspathLoggingApplicationListener : Application failed to start with classpath: [file:/D:/git/gitrepo/SpringCloudBook/zipkin-server-stream/target/classes/, file:/C:/Users/Administrator/.m2/repository/org/springframework/cloud/spring-cloud-sleuth-zipkin-stream/1.0.6.RELEASE/spring-cloud-sleuth-zipkin-stream-1.0.6.RELEASE.jar, file:/C:/Users/Administrator/.m2/repository/org/springframework/boot/spring-boot-starter-web/1.3.7.RELEASE/spring-boot-starter-web-1.3.7.RELEASE.jar, file:/C:/Users/Administrator/.m2/repository/org/springframework/boot/spring-boot-starter/1.3.7.RELEASE/spring-boot-starter-1.3.7.RELEASE.jar, file:/C:/Users/Administrator/.m2/repository/org/springframework/spring-core/4.2.7.RELEASE/spring-core-4.2.7.RELEASE.jar, file:/C:/Users/Administrator/.m2/repository/org/yaml/snakeyaml/1.16/snakeyaml-1.16.jar, file:/C:/Users/Administrator/.m2/repository/org/springframework/boot/spring-boot-starter-tomcat/1.3.7.RELEASE/spring-boot-starter-tomcat-1.3.7.RELEASE.jar, file:/C:/Users/Administrator/.m2/repository/org/apache/tomcat/embed/tomcat-embed-core/8.0.36/tomcat-embed-core-8.0.36.jar, file:/C:/Users/Administrator/.m2/repository/org/apache/tomcat/embed/tomcat-embed-el/8.0.36/tomcat-embed-el-8.0.36.jar, file:/C:/Users/Administrator/.m2/repository/org/apache/tomcat/embed/tomcat-embed-logging-juli/8.0.36/tomcat-embed-logging-juli-8.0.36.jar, file:/C:/Users/Administrator/.m2/repository/org/apache/tomcat/embed/tomcat-embed-websocket/8.0.36/tomcat-embed-websocket-8.0.36.jar, file:/C:/Users/Administrator/.m2/repository/org/springframework/boot/spring-boot-starter-validation/1.3.7.RELEASE/spring-boot-starter-validation-1.3.7.RELEASE.jar, file:/C:/Users/Administrator/.m2/repository/org/hibernate/hibernate-validator/5.2.4.Final/hibernate-validator-5.2.4.Final.jar, file:/C:/Users/Administrator/.m2/repository/javax/validation/validation-api/1.1.0.Final/validation-api-1.1.0.Final.jar, file:/C:/Users/Administrator/.m2/repository/org/jboss/logging/jboss-logging/3.3.0.Final/jboss-logging-3.3.0.Final.jar, file:/C:/Users/Administrator/.m2/repository/com/fasterxml/classmate/1.1.0/classmate-1.1.0.jar, file:/C:/Users/Administrator/.m2/repository/com/fasterxml/jackson/core/jackson-databind/2.6.7/jackson-databind-2.6.7.jar, file:/C:/Users/Administrator/.m2/repository/com/fasterxml/jackson/core/jackson-annotations/2.6.7/jackson-annotations-2.6.7.jar, file:/C:/Users/Administrator/.m2/repository/com/fasterxml/jackson/core/jackson-core/2.6.7/jackson-core-2.6.7.jar, file:/C:/Users/Administrator/.m2/repository/org/springframework/spring-web/4.2.7.RELEASE/spring-web-4.2.7.RELEASE.jar, file:/C:/Users/Administrator/.m2/repository/org/springframework/spring-beans/4.2.7.RELEASE/spring-beans-4.2.7.RELEASE.jar, file:/C:/Users/Administrator/.m2/repository/org/springframework/spring-webmvc/4.2.7.RELEASE/spring-webmvc-4.2.7.RELEASE.jar, file:/C:/Users/Administrator/.m2/repository/org/springframework/spring-expression/4.2.7.RELEASE/spring-expression-4.2.7.RELEASE.jar, file:/C:/Users/Administrator/.m2/repository/org/springframework/boot/spring-boot-starter-aop/1.3.7.RELEASE/spring-boot-starter-aop-1.3.7.RELEASE.jar, file:/C:/Users/Administrator/.m2/repository/org/springframework/spring-aop/4.2.7.RELEASE/spring-aop-4.2.7.RELEASE.jar, file:/C:/Users/Administrator/.m2/repository/aopalliance/aopalliance/1.0/aopalliance-1.0.jar, file:/C:/Users/Administrator/.m2/repository/org/aspectj/aspectjweaver/1.8.9/aspectjweaver-1.8.9.jar, file:/C:/Users/Administrator/.m2/repository/org/springframework/cloud/spring-cloud-sleuth-core/1.0.6.RELEASE/spring-cloud-sleuth-core-1.0.6.RELEASE.jar, file:/C:/Users/Administrator/.m2/repository/org/springframework/spring-context/4.2.7.RELEASE/spring-context-4.2.7.RELEASE.jar, file:/C:/Users/Administrator/.m2/repository/org/aspectj/aspectjrt/1.8.9/aspectjrt-1.8.9.jar, file:/C:/Users/Administrator/.m2/repository/org/springframework/cloud/spring-cloud-sleuth-stream/1.0.6.RELEASE/spring-cloud-sleuth-stream-1.0.6.RELEASE.jar, file:/C:/Users/Administrator/.m2/repository/org/springframework/boot/spring-boot-starter-cloud-connectors/1.3.7.RELEASE/spring-boot-starter-cloud-connectors-1.3.7.RELEASE.jar, file:/C:/Users/Administrator/.m2/repository/org/springframework/cloud/spring-cloud-spring-service-connector/1.2.3.RELEASE/spring-cloud-spring-service-connector-1.2.3.RELEASE.jar, file:/C:/Users/Administrator/.m2/repository/org/springframework/cloud/spring-cloud-core/1.2.3.RELEASE/spring-cloud-core-1.2.3.RELEASE.jar, file:/C:/Users/Administrator/.m2/repository/org/springframework/cloud/spring-cloud-cloudfoundry-connector/1.2.3.RELEASE/spring-cloud-cloudfoundry-connector-1.2.3.RELEASE.jar, file:/C:/Users/Administrator/.m2/repository/org/springframework/cloud/spring-cloud-heroku-connector/1.2.3.RELEASE/spring-cloud-heroku-connector-1.2.3.RELEASE.jar, file:/C:/Users/Administrator/.m2/repository/org/springframework/cloud/spring-cloud-localconfig-connector/1.2.3.RELEASE/spring-cloud-localconfig-connector-1.2.3.RELEASE.jar, file:/C:/Users/Administrator/.m2/repository/org/apache/commons/commons-lang3/3.3.2/commons-lang3-3.3.2.jar, file:/C:/Users/Administrator/.m2/repository/io/zipkin/java/zipkin-server/1.1.5/zipkin-server-1.1.5.jar, file:/C:/Users/Administrator/.m2/repository/io/zipkin/java/zipkin/1.1.5/zipkin-1.1.5.jar, file:/C:/Users/Administrator/.m2/repository/io/zipkin/java/zipkin-autoconfigure-storage-mysql/1.1.5/zipkin-autoconfigure-storage-mysql-1.1.5.jar, file:/C:/Users/Administrator/.m2/repository/io/zipkin/java/zipkin-storage-mysql/1.1.5/zipkin-storage-mysql-1.1.5.jar, file:/C:/Users/Administrator/.m2/repository/org/jooq/jooq/3.7.4/jooq-3.7.4.jar, file:/C:/Users/Administrator/.m2/repository/org/mariadb/jdbc/mariadb-java-client/1.2.3/mariadb-java-client-1.2.3.jar, file:/C:/Users/Administrator/.m2/repository/net/java/dev/jna/jna/3.3.0/jna-3.3.0.jar, file:/C:/Users/Administrator/.m2/repository/net/java/dev/jna/jna/3.3.0/jna-3.3.0-platform.jar, file:/C:/Users/Administrator/.m2/repository/com/zaxxer/HikariCP/2.4.7/HikariCP-2.4.7.jar, file:/C:/Users/Administrator/.m2/repository/org/slf4j/slf4j-api/1.7.21/slf4j-api-1.7.21.jar, file:/C:/Users/Administrator/.m2/repository/org/springframework/cloud/spring-cloud-starter-stream-rabbit/1.0.2.RELEASE/spring-cloud-starter-stream-rabbit-1.0.2.RELEASE.jar, file:/C:/Users/Administrator/.m2/repository/org/springframework/cloud/spring-cloud-stream-binder-rabbit/1.0.2.RELEASE/spring-cloud-stream-binder-rabbit-1.0.2.RELEASE.jar, file:/C:/Users/Administrator/.m2/repository/org/springframework/cloud/spring-cloud-stream-codec/1.0.2.RELEASE/spring-cloud-stream-codec-1.0.2.RELEASE.jar, file:/C:/Users/Administrator/.m2/repository/com/esotericsoftware/kryo-shaded/3.0.3/kryo-shaded-3.0.3.jar, file:/C:/Users/Administrator/.m2/repository/com/esotericsoftware/minlog/1.3.0/minlog-1.3.0.jar, file:/C:/Users/Administrator/.m2/repository/org/objenesis/objenesis/2.1/objenesis-2.1.jar, file:/C:/Users/Administrator/.m2/repository/org/springframework/boot/spring-boot-starter-amqp/1.3.7.RELEASE/spring-boot-starter-amqp-1.3.7.RELEASE.jar, file:/C:/Users/Administrator/.m2/repository/org/springframework/amqp/spring-rabbit/1.5.6.RELEASE/spring-rabbit-1.5.6.RELEASE.jar, file:/C:/Users/Administrator/.m2/repository/org/springframework/amqp/spring-amqp/1.5.6.RELEASE/spring-amqp-1.5.6.RELEASE.jar, file:/C:/Users/Administrator/.m2/repository/com/rabbitmq/http-client/1.0.0.RELEASE/http-client-1.0.0.RELEASE.jar, file:/C:/Users/Administrator/.m2/repository/org/apache/httpcomponents/httpclient/4.5.2/httpclient-4.5.2.jar, file:/C:/Users/Administrator/.m2/repository/org/apache/httpcomponents/httpcore/4.4.5/httpcore-4.4.5.jar, file:/C:/Users/Administrator/.m2/repository/commons-codec/commons-codec/1.9/commons-codec-1.9.jar, file:/C:/Users/Administrator/.m2/repository/com/rabbitmq/amqp-client/3.5.7/amqp-client-3.5.7.jar, file:/C:/Users/Administrator/.m2/repository/org/springframework/integration/spring-integration-amqp/4.2.9.RELEASE/spring-integration-amqp-4.2.9.RELEASE.jar, file:/C:/Users/Administrator/.m2/repository/org/springframework/boot/spring-boot-starter-logging/1.3.7.RELEASE/spring-boot-starter-logging-1.3.7.RELEASE.jar, file:/C:/Users/Administrator/.m2/repository/ch/qos/logback/logback-classic/1.1.7/logback-classic-1.1.7.jar, file:/C:/Users/Administrator/.m2/repository/ch/qos/logback/logback-core/1.1.7/logback-core-1.1.7.jar, file:/C:/Users/Administrator/.m2/repository/org/slf4j/jcl-over-slf4j/1.7.21/jcl-over-slf4j-1.7.21.jar, file:/C:/Users/Administrator/.m2/repository/org/slf4j/jul-to-slf4j/1.7.21/jul-to-slf4j-1.7.21.jar, file:/C:/Users/Administrator/.m2/repository/org/slf4j/log4j-over-slf4j/1.7.21/log4j-over-slf4j-1.7.21.jar, file:/C:/Users/Administrator/.m2/repository/org/springframework/boot/spring-boot-starter-actuator/1.3.7.RELEASE/spring-boot-starter-actuator-1.3.7.RELEASE.jar, file:/C:/Users/Administrator/.m2/repository/org/springframework/boot/spring-boot-actuator/1.3.7.RELEASE/spring-boot-actuator-1.3.7.RELEASE.jar, file:/C:/Users/Administrator/.m2/repository/org/springframework/integration/spring-integration-jmx/4.2.9.RELEASE/spring-integration-jmx-4.2.9.RELEASE.jar, file:/C:/Users/Administrator/.m2/repository/org/springframework/integration/spring-integration-core/4.2.9.RELEASE/spring-integration-core-4.2.9.RELEASE.jar, file:/C:/Users/Administrator/.m2/repository/org/springframework/spring-tx/4.2.7.RELEASE/spring-tx-4.2.7.RELEASE.jar, file:/C:/Users/Administrator/.m2/repository/org/springframework/cloud/spring-cloud-stream/1.0.2.RELEASE/spring-cloud-stream-1.0.2.RELEASE.jar, file:/C:/Users/Administrator/.m2/repository/org/springframework/spring-messaging/4.2.7.RELEASE/spring-messaging-4.2.7.RELEASE.jar, file:/C:/Users/Administrator/.m2/repository/org/springframework/spring-tuple/1.0.0.RELEASE/spring-tuple-1.0.0.RELEASE.jar, file:/C:/Users/Administrator/.m2/repository/org/springframework/integration/spring-integration-tuple/1.0.0.RELEASE/spring-integration-tuple-1.0.0.RELEASE.jar, file:/C:/Users/Administrator/.m2/repository/org/springframework/retry/spring-retry/1.1.3.RELEASE/spring-retry-1.1.3.RELEASE.jar, file:/C:/Users/Administrator/.m2/repository/io/zipkin/java/zipkin-autoconfigure-ui/1.1.5/zipkin-autoconfigure-ui-1.1.5.jar, file:/C:/Users/Administrator/.m2/repository/io/zipkin/java/zipkin-ui/1.1.5/zipkin-ui-1.1.5.jar, file:/C:/Users/Administrator/.m2/repository/org/springframework/boot/spring-boot-autoconfigure/1.3.7.RELEASE/spring-boot-autoconfigure-1.3.7.RELEASE.jar, file:/C:/Users/Administrator/.m2/repository/org/springframework/boot/spring-boot/1.3.7.RELEASE/spring-boot-1.3.7.RELEASE.jar]
2018-04-04 09:55:56.895  WARN [zipkin-server-stream,,,] 7316 --- [sleuth.sleuth-1] o.s.a.r.l.SimpleMessageListenerContainer : Consumer raised exception, processing can restart if the connection factory supports it. Exception summary: org.springframework.amqp.AmqpConnectException: java.net.ConnectException: Connection refused: connect
2018-04-04 09:55:56.897  INFO [zipkin-server-stream,,,] 7316 --- [sleuth.sleuth-1] o.s.a.r.l.SimpleMessageListenerContainer : Restarting Consumer: tags=[{}], channel=null, acknowledgeMode=AUTO local queue size=0
2018-04-04 09:56:02.904  WARN [zipkin-server-stream,,,] 7316 --- [sleuth.sleuth-2] o.s.a.r.l.SimpleMessageListenerContainer : Consumer raised exception, processing can restart if the connection factory supports it. Exception summary: org.springframework.amqp.AmqpConnectException: java.net.ConnectException: Connection refused: connect
2018-04-04 09:56:02.904  INFO [zipkin-server-stream,,,] 7316 --- [sleuth.sleuth-2] o.s.a.r.l.SimpleMessageListenerContainer : Restarting Consumer: tags=[{}], channel=null, acknowledgeMode=AUTO local queue size=0
2018-04-04 09:56:08.908  WARN [zipkin-server-stream,,,] 7316 --- [sleuth.sleuth-3] o.s.a.r.l.SimpleMessageListenerContainer : Consumer raised exception, processing can restart if the connection factory supports it. Exception summary: org.springframework.amqp.AmqpConnectException: java.net.ConnectException: Connection refused: connect
2018-04-04 09:56:08.909  INFO [zipkin-server-stream,,,] 7316 --- [sleuth.sleuth-3] o.s.a.r.l.SimpleMessageListenerContainer : Restarting Consumer: tags=[{}], channel=null, acknowledgeMode=AUTO local queue size=0
2018-04-04 09:56:14.911  WARN [zipkin-server-stream,,,] 7316 --- [sleuth.sleuth-4] o.s.a.r.l.SimpleMessageListenerContainer : Consumer raised exception, processing can restart if the connection factory supports it. Exception summary: org.springframework.amqp.AmqpConnectException: java.net.ConnectException: Connection refused: connect
2018-04-04 09:56:14.912  INFO [zipkin-server-stream,,,] 7316 --- [sleuth.sleuth-4] o.s.a.r.l.SimpleMessageListenerContainer : Restarting Consumer: tags=[{}], channel=null, acknowledgeMode=AUTO local queue size=0
2018-04-04 09:56:20.915  WARN [zipkin-server-stream,,,] 7316 --- [sleuth.sleuth-5] o.s.a.r.l.SimpleMessageListenerContainer : Consumer raised exception, processing can restart if the connection factory supports it. Exception summary: org.springframework.amqp.AmqpConnectException: java.net.ConnectException: Connection refused: connect
2018-04-04 09:56:20.916  INFO [zipkin-server-stream,,,] 7316 --- [sleuth.sleuth-5] o.s.a.r.l.SimpleMessageListenerContainer : Restarting Consumer: tags=[{}], channel=null, acknowledgeMode=AUTO local queue size=0
